2017-02-11 09:56:13.2230 INFO partnerid: 72 - partneruser: smpptest - sendername: 1SMS.VN - phone: 84901759114 - sms: Kiem tra tin nhan thuong hieu - sendername: 1SMS.VN - Telco: VMS - isunicode: False - isflash: False - idSmsReturn: 80758930 - Success!
2017-02-11 09:56:13.2230 INFO partnerid: 72 - partneruser: smpptest - sendername: 1SMS.VN - phone: 84901759114 - sms: Kiem tra tin nhan thuong hieu - sendername: 1SMS.VN - Telco: VMS - isunicode: False - isflash: False - idSmsReturn: 80758930 - Success!
2017-02-11 09:56:15.3698 INFO partnerid: 72 - partneruser: smpptest - sendername: 1SMS.VN - phone: 84901759114 - sms: Kiem tra tin nhan thuong hieu - sendername: 1SMS.VN - Telco: VMS - isunicode: False - isflash: False - idSmsReturn: 80758931 - Success!
2017-02-11 09:56:15.3698 INFO partnerid: 72 - partneruser: smpptest - sendername: 1SMS.VN - phone: 84901759114 - sms: Kiem tra tin nhan thuong hieu - sendername: 1SMS.VN - Telco: VMS - isunicode: False - isflash: False - idSmsReturn: 80758931 - Success!
2017-02-11 09:56:17.0683 ERROR partnerid: 72 - partneruser: smpptest - sendername: 1SMS.VN - phone: 84901759114 - sms: Kiem tra tin nhan thuong hieu - sendername: 1SMS.VN - Telco: VMS - isunicode: False - isflash: False - sms loop
2017-02-11 09:56:17.0683 ERROR partnerid: 72 - partneruser: smpptest - sendername: 1SMS.VN - phone: 84901759114 - sms: Kiem tra tin nhan thuong hieu - sendername: 1SMS.VN - Telco: VMS - isunicode: False - isflash: False - sms loop
2017-02-11 09:56:17.0683 ERROR partnerid: 72 - partneruser: smpptest - sendername: 1SMS.VN - phone: 84901759114 - sms: Kiem tra tin nhan thuong hieu - sendername: 1SMS.VN - Telco: VMS - isunicode: False - isflash: False - sms loop
2017-02-11 09:56:19.2593 ERROR partnerid: 72 - partneruser: smpptest - sendername: 1SMS.VN - phone: 84901759114 - sms: Kiem tra tin nhan thuong hieu - sendername: 1SMS.VN - Telco: VMS - isunicode: False - isflash: False - sms loop
2017-02-11 09:56:19.2593 ERROR partnerid: 72 - partneruser: smpptest - sendername: 1SMS.VN - phone: 84901759114 - sms: Kiem tra tin nhan thuong hieu - sendername: 1SMS.VN - Telco: VMS - isunicode: False - isflash: False - sms loop
2017-02-11 09:56:19.2593 ERROR partnerid: 72 - partneruser: smpptest - sendername: 1SMS.VN - phone: 84901759114 - sms: Kiem tra tin nhan thuong hieu - sendername: 1SMS.VN - Telco: VMS - isunicode: False - isflash: False - sms loop
2017-02-11 09:56:23.3526 ERROR partnerid: 72 - partneruser: smpptest - sendername: 1SMS.VN - phone: 84901759114 - sms: Kiem tra tin nhan thuong hieu - sendername: 1SMS.VN - Telco: VMS - isunicode: False - isflash: False - sms loop
2017-02-11 09:56:23.3526 ERROR partnerid: 72 - partneruser: smpptest - sendername: 1SMS.VN - phone: 84901759114 - sms: Kiem tra tin nhan thuong hieu - sendername: 1SMS.VN - Telco: VMS - isunicode: False - isflash: False - sms loop
2017-02-11 09:56:23.3526 ERROR partnerid: 72 - partneruser: smpptest - sendername: 1SMS.VN - phone: 84901759114 - sms: Kiem tra tin nhan thuong hieu - sendername: 1SMS.VN - Telco: VMS - isunicode: False - isflash: False - sms loop
2017-02-11 09:56:51.8743 INFO partnerid: 72 - partneruser: smpptest - sendername: 1SMS.VN - phone: 84901759114 - sms: Kiem tra tin nhan thuong hieu lan 1 - sendername: 1SMS.VN - Telco: VMS - isunicode: False - isflash: False - idSmsReturn: 80758985 - Success!
2017-02-11 09:56:51.8743 INFO partnerid: 72 - partneruser: smpptest - sendername: 1SMS.VN - phone: 84901759114 - sms: Kiem tra tin nhan thuong hieu lan 1 - sendername: 1SMS.VN - Telco: VMS - isunicode: False - isflash: False - idSmsReturn: 80758985 - Success!
2017-02-11 09:56:53.6601 INFO partnerid: 72 - partneruser: smpptest - sendername: 1SMS.VN - phone: 84901759114 - sms: Kiem tra tin nhan thuong hieu lan 1 - sendername: 1SMS.VN - Telco: VMS - isunicode: False - isflash: False - idSmsReturn: 80758986 - Success!
2017-02-11 09:56:53.6601 INFO partnerid: 72 - partneruser: smpptest - sendername: 1SMS.VN - phone: 84901759114 - sms: Kiem tra tin nhan thuong hieu lan 1 - sendername: 1SMS.VN - Telco: VMS - isunicode: False - isflash: False - idSmsReturn: 80758986 - Success!
2017-02-11 09:56:55.3224 ERROR partnerid: 72 - partneruser: smpptest - sendername: 1SMS.VN - phone: 84901759114 - sms: Kiem tra tin nhan thuong hieu lan 1 - sendername: 1SMS.VN - Telco: VMS - isunicode: False - isflash: False - sms loop
2017-02-11 09:56:55.3224 ERROR partnerid: 72 - partneruser: smpptest - sendername: 1SMS.VN - phone: 84901759114 - sms: Kiem tra tin nhan thuong hieu lan 1 - sendername: 1SMS.VN - Telco: VMS - isunicode: False - isflash: False - sms loop
2017-02-11 09:56:55.3224 ERROR partnerid: 72 - partneruser: smpptest - sendername: 1SMS.VN - phone: 84901759114 - sms: Kiem tra tin nhan thuong hieu lan 1 - sendername: 1SMS.VN - Telco: VMS - isunicode: False - isflash: False - sms loop
2017-02-11 09:57:17.1056 INFO partnerid: 72 - partneruser: smpptest - sendername: 1SMS.VN - phone: 84901759114 - sms: Kiem tra tin nhan thuong hieu check loop. - sendername: 1SMS.VN - Telco: VMS - isunicode: False - isflash: False - idSmsReturn: 80758997 - Success!
2017-02-11 09:57:17.1056 INFO partnerid: 72 - partneruser: smpptest - sendername: 1SMS.VN - phone: 84901759114 - sms: Kiem tra tin nhan thuong hieu check loop. - sendername: 1SMS.VN - Telco: VMS - isunicode: False - isflash: False - idSmsReturn: 80758997 - Success!
2017-02-11 09:57:24.9810 ERROR partnerid: 72 - partneruser: smpptest - sendername: 1SMS.VN - phone: 84901759114 - sms: Kiem tra tin nhan thuong hieu check loop. - sendername: 1SMS.VN - Telco: VMS - isunicode: False - isflash: False - sms loop
2017-02-11 09:57:24.9810 ERROR partnerid: 72 - partneruser: smpptest - sendername: 1SMS.VN - phone: 84901759114 - sms: Kiem tra tin nhan thuong hieu check loop. - sendername: 1SMS.VN - Telco: VMS - isunicode: False - isflash: False - sms loop
2017-02-11 09:57:24.9810 ERROR partnerid: 72 - partneruser: smpptest - sendername: 1SMS.VN - phone: 84901759114 - sms: Kiem tra tin nhan thuong hieu check loop. - sendername: 1SMS.VN - Telco: VMS - isunicode: False - isflash: False - sms loop
2017-02-11 09:57:44.3926 ERROR partnerid: 72 - partneruser: smpptest - sendername: 1SMS.VN - phone: 84901759114 - sms: Kiem tra tin nhan thuong hieu check loop. - sendername: 1SMS.VN - Telco: VMS - isunicode: False - isflash: False - sms loop
2017-02-11 09:57:44.3926 ERROR partnerid: 72 - partneruser: smpptest - sendername: 1SMS.VN - phone: 84901759114 - sms: Kiem tra tin nhan thuong hieu check loop. - sendername: 1SMS.VN - Telco: VMS - isunicode: False - isflash: False - sms loop
2017-02-11 09:57:44.3926 ERROR partnerid: 72 - partneruser: smpptest - sendername: 1SMS.VN - phone: 84901759114 - sms: Kiem tra tin nhan thuong hieu check loop. - sendername: 1SMS.VN - Telco: VMS - isunicode: False - isflash: False - sms loop
2017-02-11 09:58:39.9510 ERROR partnerid: 72 - partneruser: smpptest - sendername: 1SMS.VN - phone: 84901759114 - sms: Kiem tra tin nhan thuong hieu check loop. - sendername: 1SMS.VN - Telco: VMS - isunicode: False - isflash: False - sms loop
2017-02-11 09:58:39.9510 ERROR partnerid: 72 - partneruser: smpptest - sendername: 1SMS.VN - phone: 84901759114 - sms: Kiem tra tin nhan thuong hieu check loop. - sendername: 1SMS.VN - Telco: VMS - isunicode: False - isflash: False - sms loop
2017-02-11 09:58:39.9510 ERROR partnerid: 72 - partneruser: smpptest - sendername: 1SMS.VN - phone: 84901759114 - sms: Kiem tra tin nhan thuong hieu check loop. - sendername: 1SMS.VN - Telco: VMS - isunicode: False - isflash: False - sms loop
2017-02-11 10:12:32.9763 INFO partnerid: 72 - partneruser: smpptest - sendername: 1SMS.VN - phone: 84901759114 - sms: OneSMS - Kiem tra tin nhan smpp lan 1 - sendername: 1SMS.VN - Telco: VMS - isunicode: False - isflash: False - idSmsReturn: 80760667 - Success!
2017-02-11 10:12:32.9763 INFO partnerid: 72 - partneruser: smpptest - sendername: 1SMS.VN - phone: 84901759114 - sms: OneSMS - Kiem tra tin nhan smpp lan 1 - sendername: 1SMS.VN - Telco: VMS - isunicode: False - isflash: False - idSmsReturn: 80760667 - Success!
2017-02-11 10:12:37.5179 INFO partnerid: 72 - partneruser: smpptest - sendername: 1SMS.VN - phone: 84901759114 - sms: OneSMS - Kiem tra tin nhan smpp lan 1 - sendername: 1SMS.VN - Telco: VMS - isunicode: False - isflash: False - idSmsReturn: 80760668 - Success!
2017-02-11 10:12:37.5179 INFO partnerid: 72 - partneruser: smpptest - sendername: 1SMS.VN - phone: 84901759114 - sms: OneSMS - Kiem tra tin nhan smpp lan 1 - sendername: 1SMS.VN - Telco: VMS - isunicode: False - isflash: False - idSmsReturn: 80760668 - Success!
2017-02-11 10:12:39.0728 INFO partnerid: 72 - partneruser: smpptest - sendername: 1SMS.VN - phone: 84901759114 - sms: OneSMS - Kiem tra tin nhan smpp lan 1 - sendername: 1SMS.VN - Telco: VMS - isunicode: False - isflash: False - idSmsReturn: 80760669 - Success!
2017-02-11 10:12:39.0728 INFO partnerid: 72 - partneruser: smpptest - sendername: 1SMS.VN - phone: 84901759114 - sms: OneSMS - Kiem tra tin nhan smpp lan 1 - sendername: 1SMS.VN - Telco: VMS - isunicode: False - isflash: False - idSmsReturn: 80760669 - Success!
2017-02-11 10:12:42.5009 INFO partnerid: 72 - partneruser: smpptest - sendername: 1SMS.VN - phone: 84901759114 - sms: OneSMS - Kiem tra tin nhan smpp lan 1 - sendername: 1SMS.VN - Telco: VMS - isunicode: False - isflash: False - idSmsReturn: 80760671 - Success!
2017-02-11 10:12:42.5009 INFO partnerid: 72 - partneruser: smpptest - sendername: 1SMS.VN - phone: 84901759114 - sms: OneSMS - Kiem tra tin nhan smpp lan 1 - sendername: 1SMS.VN - Telco: VMS - isunicode: False - isflash: False - idSmsReturn: 80760671 - Success!
2017-02-11 10:15:03.3252 ERROR partnerid: 72 - partneruser: smpptest - sendername: 1SMS.VN - phone: 84901759114 - sms: OneSMS - Kiem tra tin nhan smpp lan 1 - sendername: 1SMS.VN - Telco: VMS - isunicode: False - isflash: False - sms loop
2017-02-11 10:15:03.3252 ERROR partnerid: 72 - partneruser: smpptest - sendername: 1SMS.VN - phone: 84901759114 - sms: OneSMS - Kiem tra tin nhan smpp lan 1 - sendername: 1SMS.VN - Telco: VMS - isunicode: False - isflash: False - sms loop
2017-02-11 10:15:03.3252 ERROR partnerid: 72 - partneruser: smpptest - sendername: 1SMS.VN - phone: 84901759114 - sms: OneSMS - Kiem tra tin nhan smpp lan 1 - sendername: 1SMS.VN - Telco: VMS - isunicode: False - isflash: False - sms loop
2017-02-11 10:15:45.6395 INFO partnerid: 72 - partneruser: smpptest - sendername: 1SMS.VN - phone: 84901759114 - sms: OneSMS - Kiem tra tin nhan smpp lan 2 - sendername: 1SMS.VN - Telco: VMS - isunicode: False - isflash: False - idSmsReturn: 80760760 - Success!
2017-02-11 10:15:45.6395 INFO partnerid: 72 - partneruser: smpptest - sendername: 1SMS.VN - phone: 84901759114 - sms: OneSMS - Kiem tra tin nhan smpp lan 2 - sendername: 1SMS.VN - Telco: VMS - isunicode: False - isflash: False - idSmsReturn: 80760760 - Success!
2017-02-11 10:15:47.5783 ERROR partnerid: 72 - partneruser: smpptest - sendername: 1SMS.VN - phone: 84901759114 - sms: OneSMS - Kiem tra tin nhan smpp lan 2 - sendername: 1SMS.VN - Telco: VMS - isunicode: False - isflash: False - sms loop
2017-02-11 10:15:47.5783 ERROR partnerid: 72 - partneruser: smpptest - sendername: 1SMS.VN - phone: 84901759114 - sms: OneSMS - Kiem tra tin nhan smpp lan 2 - sendername: 1SMS.VN - Telco: VMS - isunicode: False - isflash: False - sms loop
2017-02-11 10:15:47.5783 ERROR partnerid: 72 - partneruser: smpptest - sendername: 1SMS.VN - phone: 84901759114 - sms: OneSMS - Kiem tra tin nhan smpp lan 2 - sendername: 1SMS.VN - Telco: VMS - isunicode: False - isflash: False - sms loop
2017-02-11 10:15:48.9404 ERROR partnerid: 72 - partneruser: smpptest - sendername: 1SMS.VN - phone: 84901759114 - sms: OneSMS - Kiem tra tin nhan smpp lan 2 - sendername: 1SMS.VN - Telco: VMS - isunicode: False - isflash: False - sms loop
2017-02-11 10:15:48.9404 ERROR partnerid: 72 - partneruser: smpptest - sendername: 1SMS.VN - phone: 84901759114 - sms: OneSMS - Kiem tra tin nhan smpp lan 2 - sendername: 1SMS.VN - Telco: VMS - isunicode: False - isflash: False - sms loop
2017-02-11 10:15:48.9404 ERROR partnerid: 72 - partneruser: smpptest - sendername: 1SMS.VN - phone: 84901759114 - sms: OneSMS - Kiem tra tin nhan smpp lan 2 - sendername: 1SMS.VN - Telco: VMS - isunicode: False - isflash: False - sms loop
